<?xml version="1.0" encoding="UTF-8"?>
<testng-results ignored="0" total="1" passed="1" failed="0" skipped="0">
  <reporter-output>
  </reporter-output>
  <suite started-at="2023-06-17T13:53:36 IST" name="Suite" finished-at="2023-06-17T13:55:17 IST" duration-ms="100752">
    <groups>
      <group name="SmokeSuite">
        <method signature="CreateContactWithOrganizationTest.createContactWithOrg()[pri:0, instance:vtiger_ContactTests.CreateContactWithOrganizationTest@1a482e36]" name="createContactWithOrg" class="vtiger_ContactTests.CreateContactWithOrganizationTest"/>
      </group> <!-- SmokeSuite -->
    </groups>
    <test started-at="2023-06-17T13:53:36 IST" name="Test" finished-at="2023-06-17T13:55:17 IST" duration-ms="100752">
      <class name="vtiger_ContactTests.CreateContactWithOrganizationTest">
        <test-method is-config="true" signature="bsConfig()[pri:0, instance:vtiger_ContactTests.CreateContactWithOrganizationTest@1a482e36]" started-at="2023-06-17T13:53:36 IST" name="bsConfig" finished-at="2023-06-17T13:53:36 IST" duration-ms="30" status="PASS">
          <reporter-output>
          </reporter-output>
        </test-method> <!-- bsConfig -->
        <test-method is-config="true" signature="bcConfig()[pri:0, instance:vtiger_ContactTests.CreateContactWithOrganizationTest@1a482e36]" started-at="2023-06-17T13:53:36 IST" name="bcConfig" finished-at="2023-06-17T13:54:29 IST" duration-ms="52845" status="PASS">
          <reporter-output>
          </reporter-output>
        </test-method> <!-- bcConfig -->
        <test-method is-config="true" signature="bmConfig()[pri:0, instance:vtiger_ContactTests.CreateContactWithOrganizationTest@1a482e36]" started-at="2023-06-17T13:54:29 IST" name="bmConfig" finished-at="2023-06-17T13:54:35 IST" duration-ms="6436" status="PASS">
          <reporter-output>
          </reporter-output>
        </test-method> <!-- bmConfig -->
        <test-method signature="createContactWithOrg()[pri:0, instance:vtiger_ContactTests.CreateContactWithOrganizationTest@1a482e36]" started-at="2023-06-17T13:54:35 IST" name="createContactWithOrg" finished-at="2023-06-17T13:55:13 IST" duration-ms="37878" status="PASS">
          <reporter-output>
          </reporter-output>
        </test-method> <!-- createContactWithOrg -->
        <test-method is-config="true" signature="amConfig()[pri:0, instance:vtiger_ContactTests.CreateContactWithOrganizationTest@1a482e36]" started-at="2023-06-17T13:55:13 IST" name="amConfig" finished-at="2023-06-17T13:55:16 IST" duration-ms="2679" status="PASS">
          <reporter-output>
          </reporter-output>
        </test-method> <!-- amConfig -->
        <test-method is-config="true" signature="acConfig()[pri:0, instance:vtiger_ContactTests.CreateContactWithOrganizationTest@1a482e36]" started-at="2023-06-17T13:55:16 IST" name="acConfig" finished-at="2023-06-17T13:55:17 IST" duration-ms="862" status="PASS">
          <reporter-output>
          </reporter-output>
        </test-method> <!-- acConfig -->
        <test-method is-config="true" signature="asConfig()[pri:0, instance:vtiger_ContactTests.CreateContactWithOrganizationTest@1a482e36]" started-at="2023-06-17T13:55:17 IST" name="asConfig" finished-at="2023-06-17T13:55:17 IST" duration-ms="0" status="PASS">
          <reporter-output>
          </reporter-output>
        </test-method> <!-- asConfig -->
      </class> <!-- vtiger_ContactTests.CreateContactWithOrganizationTest -->
    </test> <!-- Test -->
  </suite> <!-- Suite -->
</testng-results>
